# JRE version: OpenJDK Runtime Environment (8.0_152-b06) (build 1.8.0_152-release-1136-b06)
# Java VM: OpenJDK 64-Bit Server VM (25.152-b06 mixed mode windows-amd64 compressed oops)
Heap:
 PSYoungGen      total 466432K, used 184126K [0x00000000e0000000, 0x00000000ffd00000, 0x0000000100000000)
  eden space 414208K, 42% used [0x00000000e0000000,0x00000000eababde0,0x00000000f9480000)
  from space 52224K, 15% used [0x00000000f9480000,0x00000000f9ca3c28,0x00000000fc780000)
  to   space 49152K, 0% used [0x00000000fcd00000,0x00000000fcd00000,0x00000000ffd00000)
 ParOldGen       total 329728K, used 140178K [0x00000000a0000000, 0x00000000b4200000, 0x00000000e0000000)
  object space 329728K, 42% used [0x00000000a0000000,0x00000000a88e4808,0x00000000b4200000)
 Metaspace       used 161123K, capacity 171968K, committed 172272K, reserved 1200128K
  class space    used 20136K, capacity 22264K, committed 22320K, reserved 1048576K
GC Heap History (10 events):
Event: 24923.498 GC heap before
{Heap before GC invocations=70 (full 5):
 PSYoungGen      total 413696K, used 358545K [0x00000000e0000000, 0x00000000fce80000, 0x0000000100000000)
  eden space 352768K, 100% used [0x00000000e0000000,0x00000000f5880000,0x00000000f5880000)
  from space 60928K, 9% used [0x00000000f9300000,0x00000000f98a4450,0x00000000fce80000)
  to   space 59904K, 0% used [0x00000000f5880000,0x00000000f5880000,0x00000000f9300000)
 ParOldGen       total 329728K, used 139129K [0x00000000a0000000, 0x00000000b4200000, 0x00000000e0000000)
  object space 329728K, 42% used [0x00000000a0000000,0x00000000a87de7a8,0x00000000b4200000)
 Metaspace       used 160957K, capacity 171752K, committed 172016K, reserved 1200128K
  class space    used 20128K, capacity 22260K, committed 22320K, reserved 1048576K
Event: 24923.524 GC heap after
Heap after GC invocations=70 (full 5):
 PSYoungGen      total 412672K, used 4646K [0x00000000e0000000, 0x00000000ff780000, 0x0000000100000000)
  eden space 352768K, 0% used [0x00000000e0000000,0x00000000e0000000,0x00000000f5880000)
  from space 59904K, 7% used [0x00000000f5880000,0x00000000f5d098d8,0x00000000f9300000)
  to   space 57856K, 0% used [0x00000000fbf00000,0x00000000fbf00000,0x00000000ff780000)
 ParOldGen       total 329728K, used 140026K [0x00000000a0000000, 0x00000000b4200000, 0x00000000e0000000)
  object space 329728K, 42% used [0x00000000a0000000,0x00000000a88be808,0x00000000b4200000)
 Metaspace       used 160957K, capacity 171752K, committed 172016K, reserved 1200128K
  class space    used 20128K, capacity 22260K, committed 22320K, reserved 1048576K
}
Event: 24925.492 GC heap before
{Heap before GC invocations=71 (full 5):
 PSYoungGen      total 412672K, used 357414K [0x00000000e0000000, 0x00000000ff780000, 0x0000000100000000)
  eden space 352768K, 100% used [0x00000000e0000000,0x00000000f5880000,0x00000000f5880000)
  from space 59904K, 7% used [0x00000000f5880000,0x00000000f5d098d8,0x00000000f9300000)
  to   space 57856K, 0% used [0x00000000fbf00000,0x00000000fbf00000,0x00000000ff780000)
 ParOldGen       total 329728K, used 140026K [0x00000000a0000000, 0x00000000b4200000, 0x00000000e0000000)
  object space 329728K, 42% used [0x00000000a0000000,0x00000000a88be808,0x00000000b4200000)
 Metaspace       used 160980K, capacity 171816K, committed 172272K, reserved 1200128K
  class space    used 20128K, capacity 22260K, committed 22320K, reserved 1048576K
Event: 24925.512 GC heap after
Heap after GC invocations=71 (full 5):
 PSYoungGen      total 449536K, used 3475K [0x00000000e0000000, 0x00000000ff200000, 0x0000000100000000)
  eden space 397312K, 0% used [0x00000000e0000000,0x00000000e0000000,0x00000000f8400000)
  from space 52224K, 6% used [0x00000000fbf00000,0x00000000fc264ff8,0x00000000ff200000)
  to   space 56320K, 0% used [0x00000000f8400000,0x00000000f8400000,0x00000000fbb00000)
 ParOldGen       total 329728K, used 140138K [0x00000000a0000000, 0x00000000b4200000, 0x00000000e0000000)
  object space 329728K, 42% used [0x00000000a0000000,0x00000000a88da808,0x00000000b4200000)
 Metaspace       used 160980K, capacity 171816K, committed 172272K, reserved 1200128K
  class space    used 20128K, capacity 22260K, committed 22320K, reserved 1048576K
}
Event: 24927.385 GC heap before
{Heap before GC invocations=72 (full 5):
 PSYoungGen      total 449536K, used 400787K [0x00000000e0000000, 0x00000000ff200000, 0x0000000100000000)
  eden space 397312K, 100% used [0x00000000e0000000,0x00000000f8400000,0x00000000f8400000)
  from space 52224K, 6% used [0x00000000fbf00000,0x00000000fc264ff8,0x00000000ff200000)
  to   space 56320K, 0% used [0x00000000f8400000,0x00000000f8400000,0x00000000fbb00000)
 ParOldGen       total 329728K, used 140138K [0x00000000a0000000, 0x00000000b4200000, 0x00000000e0000000)
  object space 329728K, 42% used [0x00000000a0000000,0x00000000a88da808,0x00000000b4200000)
 Metaspace       used 160991K, capacity 171816K, committed 172272K, reserved 1200128K
  class space    used 20128K, capacity 22260K, committed 22320K, reserved 1048576K
Event: 24927.414 GC heap after
Heap after GC invocations=72 (full 5):
 PSYoungGen      total 453632K, used 6363K [0x00000000e0000000, 0x00000000fff00000, 0x0000000100000000)
  eden space 397312K, 0% used [0x00000000e0000000,0x00000000e0000000,0x00000000f8400000)
  from space 56320K, 11% used [0x00000000f8400000,0x00000000f8a36e80,0x00000000fbb00000)
  to   space 53760K, 0% used [0x00000000fca80000,0x00000000fca80000,0x00000000fff00000)
 ParOldGen       total 329728K, used 140154K [0x00000000a0000000, 0x00000000b4200000, 0x00000000e0000000)
  object space 329728K, 42% used [0x00000000a0000000,0x00000000a88de808,0x00000000b4200000)
 Metaspace       used 160991K, capacity 171816K, committed 172272K, reserved 1200128K
  class space    used 20128K, capacity 22260K, committed 22320K, reserved 1048576K
}
Event: 24929.647 GC heap before
{Heap before GC invocations=73 (full 5):
 PSYoungGen      total 453632K, used 403675K [0x00000000e0000000, 0x00000000fff00000, 0x0000000100000000)
  eden space 397312K, 100% used [0x00000000e0000000,0x00000000f8400000,0x00000000f8400000)
  from space 56320K, 11% used [0x00000000f8400000,0x00000000f8a36e80,0x00000000fbb00000)
  to   space 53760K, 0% used [0x00000000fca80000,0x00000000fca80000,0x00000000fff00000)
 ParOldGen       total 329728K, used 140154K [0x00000000a0000000, 0x00000000b4200000, 0x00000000e0000000)
  object space 329728K, 42% used [0x00000000a0000000,0x00000000a88de808,0x00000000b4200000)
 Metaspace       used 161019K, capacity 171816K, committed 172272K, reserved 1200128K
  class space    used 20128K, capacity 22260K, committed 22320K, reserved 1048576K
Event: 24929.664 GC heap after
Heap after GC invocations=73 (full 5):
 PSYoungGen      total 463360K, used 2336K [0x00000000e0000000, 0x00000000ffa80000, 0x0000000100000000)
  eden space 414208K, 0% used [0x00000000e0000000,0x00000000e0000000,0x00000000f9480000)
  from space 49152K, 4% used [0x00000000fca80000,0x00000000fccc8228,0x00000000ffa80000)
  to   space 52224K, 0% used [0x00000000f9480000,0x00000000f9480000,0x00000000fc780000)
 ParOldGen       total 329728K, used 140170K [0x00000000a0000000, 0x00000000b4200000, 0x00000000e0000000)
  object space 329728K, 42% used [0x00000000a0000000,0x00000000a88e2808,0x00000000b4200000)
 Metaspace       used 161019K, capacity 171816K, committed 172272K, reserved 1200128K
  class space    used 20128K, capacity 22260K, committed 22320K, reserved 1048576K
}
Event: 24931.798 GC heap before
{Heap before GC invocations=74 (full 5):
 PSYoungGen      total 463360K, used 416544K [0x00000000e0000000, 0x00000000ffa80000, 0x0000000100000000)
  eden space 414208K, 100% used [0x00000000e0000000,0x00000000f9480000,0x00000000f9480000)
  from space 49152K, 4% used [0x00000000fca80000,0x00000000fccc8228,0x00000000ffa80000)
  to   space 52224K, 0% used [0x00000000f9480000,0x00000000f9480000,0x00000000fc780000)
 ParOldGen       total 329728K, used 140170K [0x00000000a0000000, 0x00000000b4200000, 0x00000000e0000000)
  object space 329728K, 42% used [0x00000000a0000000,0x00000000a88e2808,0x00000000b4200000)
 Metaspace       used 161031K, capacity 171816K, committed 172272K, reserved 1200128K
  class space    used 20129K, capacity 22260K, committed 22320K, reserved 1048576K
Event: 24931.835 GC heap after
Heap after GC invocations=74 (full 5):
 PSYoungGen      total 466432K, used 8335K [0x00000000e0000000, 0x00000000ffd00000, 0x0000000100000000)
  eden space 414208K, 0% used [0x00000000e0000000,0x00000000e0000000,0x00000000f9480000)
  from space 52224K, 15% used [0x00000000f9480000,0x00000000f9ca3c28,0x00000000fc780000)
  to   space 49152K, 0% used [0x00000000fcd00000,0x00000000fcd00000,0x00000000ffd00000)
 ParOldGen       total 329728K, used 140178K [0x00000000a0000000, 0x00000000b4200000, 0x00000000e0000000)
  object space 329728K, 42% used [0x00000000a0000000,0x00000000a88e4808,0x00000000b4200000)
 Metaspace       used 161031K, capacity 171816K, committed 172272K, reserved 1200128K
  class space    used 20129K, capacity 22260K, committed 22320K, reserved 1048576K
}

