# JRE version: OpenJDK Runtime Environment (8.0_152-b01) (build 1.8.0_152-release-1248-b01)
# Java VM: OpenJDK 64-Bit Server VM (25.152-b01 mixed mode windows-amd64 compressed oops)
Heap:
 PSYoungGen      total 197632K, used 108499K [0x00000000e0000000, 0x00000000ef280000, 0x0000000100000000)
  eden space 178176K, 60% used [0x00000000e0000000,0x00000000e69f4ed8,0x00000000eae00000)
  from space 19456K, 0% used [0x00000000ecb80000,0x00000000ecb80000,0x00000000ede80000)
  to   space 30208K, 0% used [0x00000000eae00000,0x00000000eae00000,0x00000000ecb80000)
 ParOldGen       total 129024K, used 53904K [0x00000000a0000000, 0x00000000a7e00000, 0x00000000e0000000)
  object space 129024K, 41% used [0x00000000a0000000,0x00000000a34a4328,0x00000000a7e00000)
 Metaspace       used 84663K, capacity 87702K, committed 87856K, reserved 1126400K
  class space    used 11005K, capacity 11700K, committed 11824K, reserved 1048576K
GC Heap History (10 events):
Event: 89.823 GC heap before
{Heap before GC invocations=20 (full 3):
 PSYoungGen      total 160768K, used 155561K [0x00000000e0000000, 0x00000000eb880000, 0x0000000100000000)
  eden space 147968K, 100% used [0x00000000e0000000,0x00000000e9080000,0x00000000e9080000)
  from space 12800K, 59% used [0x00000000eac00000,0x00000000eb36a4b8,0x00000000eb880000)
  to   space 20480K, 0% used [0x00000000e9080000,0x00000000e9080000,0x00000000ea480000)
 ParOldGen       total 129024K, used 33873K [0x00000000a0000000, 0x00000000a7e00000, 0x00000000e0000000)
  object space 129024K, 26% used [0x00000000a0000000,0x00000000a2114580,0x00000000a7e00000)
 Metaspace       used 66587K, capacity 68476K, committed 68656K, reserved 1107968K
  class space    used 8951K, capacity 9459K, committed 9520K, reserved 1048576K
Event: 89.845 GC heap after
Heap after GC invocations=20 (full 3):
 PSYoungGen      total 168448K, used 7989K [0x00000000e0000000, 0x00000000ede80000, 0x0000000100000000)
  eden space 147968K, 0% used [0x00000000e0000000,0x00000000e0000000,0x00000000e9080000)
  from space 20480K, 39% used [0x00000000e9080000,0x00000000e984d490,0x00000000ea480000)
  to   space 19456K, 0% used [0x00000000ecb80000,0x00000000ecb80000,0x00000000ede80000)
 ParOldGen       total 129024K, used 39578K [0x00000000a0000000, 0x00000000a7e00000, 0x00000000e0000000)
  object space 129024K, 30% used [0x00000000a0000000,0x00000000a26a6940,0x00000000a7e00000)
 Metaspace       used 66587K, capacity 68476K, committed 68656K, reserved 1107968K
  class space    used 8951K, capacity 9459K, committed 9520K, reserved 1048576K
}
Event: 92.729 GC heap before
{Heap before GC invocations=21 (full 3):
 PSYoungGen      total 168448K, used 155957K [0x00000000e0000000, 0x00000000ede80000, 0x0000000100000000)
  eden space 147968K, 100% used [0x00000000e0000000,0x00000000e9080000,0x00000000e9080000)
  from space 20480K, 39% used [0x00000000e9080000,0x00000000e984d490,0x00000000ea480000)
  to   space 19456K, 0% used [0x00000000ecb80000,0x00000000ecb80000,0x00000000ede80000)
 ParOldGen       total 129024K, used 39578K [0x00000000a0000000, 0x00000000a7e00000, 0x00000000e0000000)
  object space 129024K, 30% used [0x00000000a0000000,0x00000000a26a6940,0x00000000a7e00000)
 Metaspace       used 68181K, capacity 70108K, committed 70320K, reserved 1110016K
  class space    used 9078K, capacity 9619K, committed 9648K, reserved 1048576K
Event: 92.807 GC heap after
Heap after GC invocations=21 (full 3):
 PSYoungGen      total 197632K, used 19437K [0x00000000e0000000, 0x00000000ef280000, 0x0000000100000000)
  eden space 178176K, 0% used [0x00000000e0000000,0x00000000e0000000,0x00000000eae00000)
  from space 19456K, 99% used [0x00000000ecb80000,0x00000000ede7b7b0,0x00000000ede80000)
  to   space 30208K, 0% used [0x00000000eae00000,0x00000000eae00000,0x00000000ecb80000)
 ParOldGen       total 129024K, used 61526K [0x00000000a0000000, 0x00000000a7e00000, 0x00000000e0000000)
  object space 129024K, 47% used [0x00000000a0000000,0x00000000a3c158e0,0x00000000a7e00000)
 Metaspace       used 68181K, capacity 70108K, committed 70320K, reserved 1110016K
  class space    used 9078K, capacity 9619K, committed 9648K, reserved 1048576K
}
Event: 108.923 GC heap before
{Heap before GC invocations=22 (full 3):
 PSYoungGen      total 197632K, used 197613K [0x00000000e0000000, 0x00000000ef280000, 0x0000000100000000)
  eden space 178176K, 100% used [0x00000000e0000000,0x00000000eae00000,0x00000000eae00000)
  from space 19456K, 99% used [0x00000000ecb80000,0x00000000ede7b7b0,0x00000000ede80000)
  to   space 30208K, 0% used [0x00000000eae00000,0x00000000eae00000,0x00000000ecb80000)
 ParOldGen       total 129024K, used 61526K [0x00000000a0000000, 0x00000000a7e00000, 0x00000000e0000000)
  object space 129024K, 47% used [0x00000000a0000000,0x00000000a3c158e0,0x00000000a7e00000)
 Metaspace       used 75266K, capacity 77508K, committed 77616K, reserved 1116160K
  class space    used 9928K, capacity 10527K, committed 10544K, reserved 1048576K
Event: 109.004 GC heap after
Heap after GC invocations=22 (full 3):
 PSYoungGen      total 208384K, used 30185K [0x00000000e0000000, 0x00000000ef280000, 0x0000000100000000)
  eden space 178176K, 0% used [0x00000000e0000000,0x00000000e0000000,0x00000000eae00000)
  from space 30208K, 99% used [0x00000000eae00000,0x00000000ecb7a588,0x00000000ecb80000)
  to   space 19456K, 0% used [0x00000000ecb80000,0x00000000ecb80000,0x00000000ede80000)
 ParOldGen       total 129024K, used 81772K [0x00000000a0000000, 0x00000000a7e00000, 0x00000000e0000000)
  object space 129024K, 63% used [0x00000000a0000000,0x00000000a4fdb2f8,0x00000000a7e00000)
 Metaspace       used 75266K, capacity 77508K, committed 77616K, reserved 1116160K
  class space    used 9928K, capacity 10527K, committed 10544K, reserved 1048576K
}
Event: 126.222 GC heap before
{Heap before GC invocations=23 (full 3):
 PSYoungGen      total 208384K, used 208361K [0x00000000e0000000, 0x00000000ef280000, 0x0000000100000000)
  eden space 178176K, 100% used [0x00000000e0000000,0x00000000eae00000,0x00000000eae00000)
  from space 30208K, 99% used [0x00000000eae00000,0x00000000ecb7a588,0x00000000ecb80000)
  to   space 19456K, 0% used [0x00000000ecb80000,0x00000000ecb80000,0x00000000ede80000)
 ParOldGen       total 129024K, used 81772K [0x00000000a0000000, 0x00000000a7e00000, 0x00000000e0000000)
  object space 129024K, 63% used [0x00000000a0000000,0x00000000a4fdb2f8,0x00000000a7e00000)
 Metaspace       used 81128K, capacity 84160K, committed 84400K, reserved 1122304K
  class space    used 10720K, capacity 11435K, committed 11440K, reserved 1048576K
Event: 126.267 GC heap after
Heap after GC invocations=23 (full 3):
 PSYoungGen      total 197632K, used 6310K [0x00000000e0000000, 0x00000000ef280000, 0x0000000100000000)
  eden space 178176K, 0% used [0x00000000e0000000,0x00000000e0000000,0x00000000eae00000)
  from space 19456K, 32% used [0x00000000ecb80000,0x00000000ed1a9a90,0x00000000ede80000)
  to   space 30208K, 0% used [0x00000000eae00000,0x00000000eae00000,0x00000000ecb80000)
 ParOldGen       total 129024K, used 107309K [0x00000000a0000000, 0x00000000a7e00000, 0x00000000e0000000)
  object space 129024K, 83% used [0x00000000a0000000,0x00000000a68cb5c0,0x00000000a7e00000)
 Metaspace       used 81128K, capacity 84160K, committed 84400K, reserved 1122304K
  class space    used 10720K, capacity 11435K, committed 11440K, reserved 1048576K
}
Event: 126.267 GC heap before
{Heap before GC invocations=24 (full 4):
 PSYoungGen      total 197632K, used 6310K [0x00000000e0000000, 0x00000000ef280000, 0x0000000100000000)
  eden space 178176K, 0% used [0x00000000e0000000,0x00000000e0000000,0x00000000eae00000)
  from space 19456K, 32% used [0x00000000ecb80000,0x00000000ed1a9a90,0x00000000ede80000)
  to   space 30208K, 0% used [0x00000000eae00000,0x00000000eae00000,0x00000000ecb80000)
 ParOldGen       total 129024K, used 107309K [0x00000000a0000000, 0x00000000a7e00000, 0x00000000e0000000)
  object space 129024K, 83% used [0x00000000a0000000,0x00000000a68cb5c0,0x00000000a7e00000)
 Metaspace       used 81128K, capacity 84160K, committed 84400K, reserved 1122304K
  class space    used 10720K, capacity 11435K, committed 11440K, reserved 1048576K
Event: 126.473 GC heap after
Heap after GC invocations=24 (full 4):
 PSYoungGen      total 197632K, used 0K [0x00000000e0000000, 0x00000000ef280000, 0x0000000100000000)
  eden space 178176K, 0% used [0x00000000e0000000,0x00000000e0000000,0x00000000eae00000)
  from space 19456K, 0% used [0x00000000ecb80000,0x00000000ecb80000,0x00000000ede80000)
  to   space 30208K, 0% used [0x00000000eae00000,0x00000000eae00000,0x00000000ecb80000)
 ParOldGen       total 129024K, used 53904K [0x00000000a0000000, 0x00000000a7e00000, 0x00000000e0000000)
  object space 129024K, 41% used [0x00000000a0000000,0x00000000a34a4328,0x00000000a7e00000)
 Metaspace       used 80288K, capacity 82996K, committed 84400K, reserved 1122304K
  class space    used 10596K, capacity 11247K, committed 11440K, reserved 1048576K
}

